<?xml version="1.0" encoding="UTF-8"?>
<!-- Generated by org.testng.reporters.JUnitXMLReporter -->
<testsuite hostname="HP" failures="1" tests="2" name="Test" time="25.143" errors="0" timestamp="17 Aug 2022 15:21:58 GMT">
  <testcase classname="vagrant.test.Imdb_test" name="getMovieDetailsInImdb" time="12.513"/>
  <testcase classname="vagrant.test.Wiki_test" name="getMovieDetailsWiki" time="2.165">
    <failure type="java.lang.AssertionError" message="expected [17 December 2021] but found [January 7, 2022 (United States)]">
      <![CDATA[java.lang.AssertionError: expected [17 December 2021] but found [January 7, 2022 (United States)]
	at vagrant.test.Wiki_test.getMovieDetailsWiki(Wiki_test.java:24)
... Removed 29 stack frames]]>
    </failure>
  </testcase> <!-- getMovieDetailsWiki -->
</testsuite> <!-- Test -->
